#-----------------------------------------------------------
# Vivado v2018.2 (64-bit)
# SW Build 2258646 on Thu Jun 14 20:03:12 MDT 2018
# IP Build 2256618 on Thu Jun 14 22:10:49 MDT 2018
# Start of session at: Fri Jul 29 14:53:50 2022
# Process ID: 3896
# Current directory: D:/Sem 2/Computer organization and Digital Design/Labs Tutorials/Lab 9/Group 50/Submission/Lab 9/Lab 9
# Command line: vivado.exe -gui_launcher_event rodinguilauncherevent1492 D:\Sem 2\Computer organization and Digital Design\Labs Tutorials\Lab 9\Group 50\Submission\Lab 9\Lab 9\Lab 9.xpr
# Log file: D:/Sem 2/Computer organization and Digital Design/Labs Tutorials/Lab 9/Group 50/Submission/Lab 9/Lab 9/vivado.log
# Journal file: D:/Sem 2/Computer organization and Digital Design/Labs Tutorials/Lab 9/Group 50/Submission/Lab 9/Lab 9\vivado.jou
#-----------------------------------------------------------
start_gui
open_project {D:/Sem 2/Computer organization and Digital Design/Labs Tutorials/Lab 9/Group 50/Submission/Lab 9/Lab 9/Lab 9.xpr}
INFO: [ProjectBase 1-489] The host OS only allows 260 characters in a normal path. The project is stored in a path with more than 80 characters. If you experience issues with IP, Block Designs, or files not being found, please consider moving the project to a location with a shorter path. Alternately consider using the OS subst command to map part of the path to a drive letter.
Current project path is 'D:/Sem 2/Computer organization and Digital Design/Labs Tutorials/Lab 9/Group 50/Submission/Lab 9/Lab 9'
INFO: [Project 1-313] Project file moved from 'E:/Projects/VivadoProjects/Lab 9_Team/Lab 9_5' since last save.
Scanning sources...
Finished scanning sources
INFO: [IP_Flow 19-234] Refreshing IP repositories
INFO: [IP_Flow 19-1704] No user IP repositories specified
INFO: [IP_Flow 19-2313] Loaded Vivado IP repository 'C:/Xilinx/Vivado/2018.2/data/ip'.
update_compile_order -fileset sources_1
reset_run synth_1
launch_runs synth_1 -jobs 6
[Fri Jul 29 15:13:33 2022] Launched synth_1...
Run output will be captured here: D:/Sem 2/Computer organization and Digital Design/Labs Tutorials/Lab 9/Group 50/Submission/Lab 9/Lab 9/Lab 9.runs/synth_1/runme.log
reset_run synth_1
launch_runs synth_1 -jobs 6
[Fri Jul 29 15:14:52 2022] Launched synth_1...
Run output will be captured here: D:/Sem 2/Computer organization and Digital Design/Labs Tutorials/Lab 9/Group 50/Submission/Lab 9/Lab 9/Lab 9.runs/synth_1/runme.log
reset_run synth_1
launch_runs synth_1 -jobs 6
[Fri Jul 29 15:16:36 2022] Launched synth_1...
Run output will be captured here: D:/Sem 2/Computer organization and Digital Design/Labs Tutorials/Lab 9/Group 50/Submission/Lab 9/Lab 9/Lab 9.runs/synth_1/runme.log
reset_run synth_1
launch_runs synth_1 -jobs 6
[Fri Jul 29 15:18:04 2022] Launched synth_1...
Run output will be captured here: D:/Sem 2/Computer organization and Digital Design/Labs Tutorials/Lab 9/Group 50/Submission/Lab 9/Lab 9/Lab 9.runs/synth_1/runme.log
launch_runs impl_1 -jobs 6
[Fri Jul 29 15:18:36 2022] Launched impl_1...
Run output will be captured here: D:/Sem 2/Computer organization and Digital Design/Labs Tutorials/Lab 9/Group 50/Submission/Lab 9/Lab 9/Lab 9.runs/impl_1/runme.log
open_run impl_1
INFO: [Netlist 29-17] Analyzing 2 Unisim elements for replacement
INFO: [Netlist 29-28] Unisim Transformation completed in 0 CPU seconds
INFO: [Project 1-479] Netlist was created with Vivado 2018.2
INFO: [Device 21-403] Loading part xc7a35tcpg236-1
INFO: [Project 1-570] Preparing netlist for logic optimization
INFO: [Timing 38-478] Restoring timing data from binary archive.
INFO: [Timing 38-479] Binary timing data restore complete.
INFO: [Project 1-856] Restoring constraints from binary archive.
INFO: [Project 1-853] Binary constraint restore complete.
Reading XDEF placement.
Reading placer database...
Reading XDEF routing.
Read XDEF File: Time (s): cpu = 00:00:00 ; elapsed = 00:00:00.034 . Memory (MB): peak = 1774.586 ; gain = 0.000
Restored from archive | CPU: 0.000000 secs | Memory: 0.000000 MB |
Finished XDEF File Restore: Time (s): cpu = 00:00:00 ; elapsed = 00:00:00.034 . Memory (MB): peak = 1774.586 ; gain = 0.000
INFO: [Project 1-111] Unisim Transformation Summary:
No Unisim elements were transformed.

open_run: Time (s): cpu = 00:00:19 ; elapsed = 00:00:18 . Memory (MB): peak = 1856.461 ; gain = 902.742
exit
INFO: [Common 17-206] Exiting Vivado at Fri Jul 29 15:30:29 2022...
